{"/Users/harsha/Repos/myscoreapp/backend/src/utils/helpers.ts": {"path":"/Users/harsha/Repos/myscoreapp/backend/src/utils/helpers.ts","statementMap":{"0":{"start":{"line":10,"column":0},"end":{"line":10,"column":7}},"1":{"start":{"line":14,"column":0},"end":{"line":14,"column":7}},"2":{"start":{"line":20,"column":0},"end":{"line":20,"column":16}},"3":{"start":{"line":24,"column":0},"end":{"line":24,"column":16}},"4":{"start":{"line":36,"column":0},"end":{"line":36,"column":16}},"5":{"start":{"line":42,"column":0},"end":{"line":42,"column":16}},"6":{"start":{"line":55,"column":0},"end":{"line":55,"column":16}},"7":{"start":{"line":61,"column":0},"end":{"line":61,"column":16}},"8":{"start":{"line":67,"column":0},"end":{"line":67,"column":16}},"9":{"start":{"line":72,"column":0},"end":{"line":72,"column":16}},"10":{"start":{"line":77,"column":0},"end":{"line":77,"column":16}},"11":{"start":{"line":82,"column":0},"end":{"line":82,"column":16}},"12":{"start":{"line":87,"column":0},"end":{"line":87,"column":16}},"13":{"start":{"line":102,"column":0},"end":{"line":102,"column":16}},"14":{"start":{"line":127,"column":0},"end":{"line":127,"column":16}},"15":{"start":{"line":135,"column":0},"end":{"line":135,"column":16}},"16":{"start":{"line":143,"column":0},"end":{"line":143,"column":16}},"17":{"start":{"line":147,"column":0},"end":{"line":147,"column":16}},"18":{"start":{"line":153,"column":0},"end":{"line":153,"column":16}},"19":{"start":{"line":5,"column":0},"end":{"line":5,"column":28}},"20":{"start":{"line":6,"column":0},"end":{"line":6,"column":30}},"21":{"start":{"line":11,"column":2},"end":{"line":11,"column":35}},"22":{"start":{"line":15,"column":2},"end":{"line":15,"column":37}},"23":{"start":{"line":21,"column":2},"end":{"line":21,"column":51}},"24":{"start":{"line":25,"column":2},"end":{"line":25,"column":47}},"25":{"start":{"line":37,"column":15},"end":{"line":37,"column":67}},"26":{"start":{"line":38,"column":16},"end":{"line":38,"column":85}},"27":{"start":{"line":39,"column":2},"end":{"line":39,"column":51}},"28":{"start":{"line":43,"column":2},"end":{"line":50,"column":4}},"29":{"start":{"line":56,"column":16},"end":{"line":56,"column":42}},"30":{"start":{"line":57,"column":16},"end":{"line":57,"column":30}},"31":{"start":{"line":58,"column":2},"end":{"line":58,"column":29}},"32":{"start":{"line":62,"column":16},"end":{"line":62,"column":33}},"33":{"start":{"line":63,"column":18},"end":{"line":63,"column":50}},"34":{"start":{"line":64,"column":2},"end":{"line":64,"column":29}},"35":{"start":{"line":68,"column":2},"end":{"line":68,"column":28}},"36":{"start":{"line":68,"column":19},"end":{"line":68,"column":28}},"37":{"start":{"line":69,"column":2},"end":{"line":69,"column":55}},"38":{"start":{"line":73,"column":2},"end":{"line":73,"column":33}},"39":{"start":{"line":73,"column":24},"end":{"line":73,"column":33}},"40":{"start":{"line":74,"column":2},"end":{"line":74,"column":58}},"41":{"start":{"line":78,"column":2},"end":{"line":78,"column":36}},"42":{"start":{"line":78,"column":24},"end":{"line":78,"column":36}},"43":{"start":{"line":79,"column":2},"end":{"line":79,"column":52}},"44":{"start":{"line":83,"column":2},"end":{"line":83,"column":33}},"45":{"start":{"line":83,"column":24},"end":{"line":83,"column":33}},"46":{"start":{"line":84,"column":2},"end":{"line":84,"column":58}},"47":{"start":{"line":92,"column":17},"end":{"line":92,"column":33}},"48":{"start":{"line":93,"column":2},"end":{"line":93,"column":40}},"49":{"start":{"line":93,"column":27},"end":{"line":93,"column":40}},"50":{"start":{"line":94,"column":2},"end":{"line":94,"column":28}},"51":{"start":{"line":94,"column":19},"end":{"line":94,"column":28}},"52":{"start":{"line":95,"column":2},"end":{"line":95,"column":64}},"53":{"start":{"line":109,"column":2},"end":{"line":109,"column":60}},"54":{"start":{"line":109,"column":27},"end":{"line":109,"column":60}},"55":{"start":{"line":110,"column":17},"end":{"line":110,"column":33}},"56":{"start":{"line":111,"column":2},"end":{"line":111,"column":28}},"57":{"start":{"line":111,"column":19},"end":{"line":111,"column":28}},"58":{"start":{"line":113,"column":27},"end":{"line":113,"column":43}},"59":{"start":{"line":114,"column":23},"end":{"line":114,"column":52}},"60":{"start":{"line":115,"column":29},"end":{"line":115,"column":84}},"61":{"start":{"line":118,"column":12},"end":{"line":118,"column":15}},"62":{"start":{"line":119,"column":12},"end":{"line":119,"column":56}},"63":{"start":{"line":120,"column":15},"end":{"line":120,"column":46}},"64":{"start":{"line":122,"column":2},"end":{"line":122,"column":69}},"65":{"start":{"line":128,"column":2},"end":{"line":132,"column":29}},"66":{"start":{"line":136,"column":15},"end":{"line":136,"column":47}},"67":{"start":{"line":137,"column":17},"end":{"line":137,"column":56}},"68":{"start":{"line":138,"column":2},"end":{"line":138,"column":28}},"69":{"start":{"line":144,"column":2},"end":{"line":144,"column":64}},"70":{"start":{"line":148,"column":2},"end":{"line":148,"column":45}},"71":{"start":{"line":157,"column":12},"end":{"line":157,"column":16}},"72":{"start":{"line":158,"column":15},"end":{"line":158,"column":46}},"73":{"start":{"line":159,"column":15},"end":{"line":159,"column":46}},"74":{"start":{"line":161,"column":4},"end":{"line":164,"column":27}},"75":{"start":{"line":165,"column":2},"end":{"line":165,"column":60}}},"fnMap":{"0":{"name":"hashPassword","decl":{"start":{"line":10,"column":22},"end":{"line":10,"column":34}},"loc":{"start":{"line":10,"column":51},"end":{"line":12,"column":1}}},"1":{"name":"comparePassword","decl":{"start":{"line":14,"column":22},"end":{"line":14,"column":37}},"loc":{"start":{"line":14,"column":65},"end":{"line":16,"column":1}}},"2":{"name":"generateSecureToken","decl":{"start":{"line":20,"column":16},"end":{"line":20,"column":35}},"loc":{"start":{"line":20,"column":46},"end":{"line":22,"column":1}}},"3":{"name":"generateShareToken","decl":{"start":{"line":24,"column":16},"end":{"line":24,"column":34}},"loc":{"start":{"line":24,"column":34},"end":{"line":26,"column":1}}},"4":{"name":"parsePagination","decl":{"start":{"line":36,"column":16},"end":{"line":36,"column":31}},"loc":{"start":{"line":36,"column":62},"end":{"line":40,"column":1}}},"5":{"name":"buildPaginationMeta","decl":{"start":{"line":42,"column":16},"end":{"line":42,"column":35}},"loc":{"start":{"line":42,"column":78},"end":{"line":51,"column":1}}},"6":{"name":"formatOvers","decl":{"start":{"line":55,"column":16},"end":{"line":55,"column":27}},"loc":{"start":{"line":55,"column":46},"end":{"line":59,"column":1}}},"7":{"name":"oversToLegalBalls","decl":{"start":{"line":61,"column":16},"end":{"line":61,"column":33}},"loc":{"start":{"line":61,"column":47},"end":{"line":65,"column":1}}},"8":{"name":"calculateStrikeRate","decl":{"start":{"line":67,"column":16},"end":{"line":67,"column":35}},"loc":{"start":{"line":67,"column":63},"end":{"line":70,"column":1}}},"9":{"name":"calculateEconomy","decl":{"start":{"line":72,"column":16},"end":{"line":72,"column":32}},"loc":{"start":{"line":72,"column":65},"end":{"line":75,"column":1}}},"10":{"name":"calculateAverage","decl":{"start":{"line":77,"column":16},"end":{"line":77,"column":32}},"loc":{"start":{"line":77,"column":65},"end":{"line":80,"column":1}}},"11":{"name":"calculateRunRate","decl":{"start":{"line":82,"column":16},"end":{"line":82,"column":32}},"loc":{"start":{"line":82,"column":65},"end":{"line":85,"column":1}}},"12":{"name":"calculateRequiredRunRate","decl":{"start":{"line":87,"column":16},"end":{"line":87,"column":40}},"loc":{"start":{"line":90,"column":24},"end":{"line":96,"column":1}}},"13":{"name":"calculateWinProbability","decl":{"start":{"line":102,"column":16},"end":{"line":102,"column":39}},"loc":{"start":{"line":107,"column":20},"end":{"line":123,"column":1}}},"14":{"name":"slugify","decl":{"start":{"line":127,"column":16},"end":{"line":127,"column":23}},"loc":{"start":{"line":127,"column":36},"end":{"line":133,"column":1}}},"15":{"name":"generateUsername","decl":{"start":{"line":135,"column":16},"end":{"line":135,"column":32}},"loc":{"start":{"line":135,"column":45},"end":{"line":139,"column":1}}},"16":{"name":"successResponse","decl":{"start":{"line":143,"column":16},"end":{"line":143,"column":31}},"loc":{"start":{"line":143,"column":60},"end":{"line":145,"column":1}}},"17":{"name":"errorResponse","decl":{"start":{"line":147,"column":16},"end":{"line":147,"column":29}},"loc":{"start":{"line":147,"column":63},"end":{"line":149,"column":1}}},"18":{"name":"haversineDistance","decl":{"start":{"line":153,"column":16},"end":{"line":153,"column":33}},"loc":{"start":{"line":155,"column":28},"end":{"line":166,"column":1}}}},"branchMap":{"0":{"loc":{"start":{"line":20,"column":36},"end":{"line":20,"column":46}},"type":"default-arg","locations":[{"start":{"line":20,"column":44},"end":{"line":20,"column":46}}]},"1":{"loc":{"start":{"line":37,"column":43},"end":{"line":37,"column":60}},"type":"binary-expr","locations":[{"start":{"line":37,"column":43},"end":{"line":37,"column":53}},{"start":{"line":37,"column":57},"end":{"line":37,"column":60}}]},"2":{"loc":{"start":{"line":38,"column":58},"end":{"line":38,"column":77}},"type":"binary-expr","locations":[{"start":{"line":38,"column":58},"end":{"line":38,"column":69}},{"start":{"line":38,"column":73},"end":{"line":38,"column":77}}]},"3":{"loc":{"start":{"line":68,"column":2},"end":{"line":68,"column":28}},"type":"if","locations":[{"start":{"line":68,"column":2},"end":{"line":68,"column":28}}]},"4":{"loc":{"start":{"line":73,"column":2},"end":{"line":73,"column":33}},"type":"if","locations":[{"start":{"line":73,"column":2},"end":{"line":73,"column":33}}]},"5":{"loc":{"start":{"line":78,"column":2},"end":{"line":78,"column":36}},"type":"if","locations":[{"start":{"line":78,"column":2},"end":{"line":78,"column":36}}]},"6":{"loc":{"start":{"line":83,"column":2},"end":{"line":83,"column":33}},"type":"if","locations":[{"start":{"line":83,"column":2},"end":{"line":83,"column":33}}]},"7":{"loc":{"start":{"line":93,"column":2},"end":{"line":93,"column":40}},"type":"if","locations":[{"start":{"line":93,"column":2},"end":{"line":93,"column":40}}]},"8":{"loc":{"start":{"line":94,"column":2},"end":{"line":94,"column":28}},"type":"if","locations":[{"start":{"line":94,"column":2},"end":{"line":94,"column":28}}]},"9":{"loc":{"start":{"line":109,"column":2},"end":{"line":109,"column":60}},"type":"if","locations":[{"start":{"line":109,"column":2},"end":{"line":109,"column":60}}]},"10":{"loc":{"start":{"line":109,"column":34},"end":{"line":109,"column":59}},"type":"cond-expr","locations":[{"start":{"line":109,"column":54},"end":{"line":109,"column":55}},{"start":{"line":109,"column":58},"end":{"line":109,"column":59}}]},"11":{"loc":{"start":{"line":111,"column":2},"end":{"line":111,"column":28}},"type":"if","locations":[{"start":{"line":111,"column":2},"end":{"line":111,"column":28}}]},"12":{"loc":{"start":{"line":144,"column":35},"end":{"line":144,"column":55}},"type":"binary-expr","locations":[{"start":{"line":144,"column":35},"end":{"line":144,"column":42}},{"start":{"line":144,"column":46},"end":{"line":144,"column":55}}]}},"s":{"0":1,"1":1,"2":1,"3":1,"4":1,"5":1,"6":1,"7":1,"8":1,"9":1,"10":1,"11":1,"12":1,"13":1,"14":1,"15":1,"16":1,"17":1,"18":1,"19":1,"20":1,"21":0,"22":0,"23":0,"24":0,"25":4,"26":4,"27":4,"28":3,"29":9,"30":9,"31":9,"32":7,"33":7,"34":7,"35":7,"36":1,"37":6,"38":6,"39":1,"40":5,"41":4,"42":2,"43":2,"44":4,"45":1,"46":3,"47":4,"48":4,"49":1,"50":3,"51":1,"52":2,"53":9,"54":1,"55":8,"56":8,"57":1,"58":7,"59":7,"60":7,"61":7,"62":7,"63":7,"64":7,"65":0,"66":0,"67":0,"68":0,"69":0,"70":0,"71":3,"72":3,"73":3,"74":3,"75":3},"f":{"0":0,"1":0,"2":0,"3":0,"4":4,"5":3,"6":9,"7":7,"8":7,"9":6,"10":4,"11":4,"12":4,"13":9,"14":0,"15":0,"16":0,"17":0,"18":3},"b":{"0":[0],"1":[4,2],"2":[4,2],"3":[1],"4":[1],"5":[2],"6":[1],"7":[1],"8":[1],"9":[1],"10":[0,1],"11":[1],"12":[0,0]}}
}
