TN:
SF:src/utils/helpers.ts
FN:10,hashPassword
FN:14,comparePassword
FN:20,generateSecureToken
FN:24,generateShareToken
FN:36,parsePagination
FN:42,buildPaginationMeta
FN:55,formatOvers
FN:61,oversToLegalBalls
FN:67,calculateStrikeRate
FN:72,calculateEconomy
FN:77,calculateAverage
FN:82,calculateRunRate
FN:87,calculateRequiredRunRate
FN:102,calculateWinProbability
FN:127,slugify
FN:135,generateUsername
FN:143,successResponse
FN:147,errorResponse
FN:153,haversineDistance
FNF:19
FNH:11
FNDA:0,hashPassword
FNDA:0,comparePassword
FNDA:0,generateSecureToken
FNDA:0,generateShareToken
FNDA:4,parsePagination
FNDA:3,buildPaginationMeta
FNDA:9,formatOvers
FNDA:7,oversToLegalBalls
FNDA:7,calculateStrikeRate
FNDA:6,calculateEconomy
FNDA:4,calculateAverage
FNDA:4,calculateRunRate
FNDA:4,calculateRequiredRunRate
FNDA:9,calculateWinProbability
FNDA:0,slugify
FNDA:0,generateUsername
FNDA:0,successResponse
FNDA:0,errorResponse
FNDA:3,haversineDistance
DA:5,1
DA:6,1
DA:10,1
DA:11,0
DA:14,1
DA:15,0
DA:20,1
DA:21,0
DA:24,1
DA:25,0
DA:36,1
DA:37,4
DA:38,4
DA:39,4
DA:42,1
DA:43,3
DA:55,1
DA:56,9
DA:57,9
DA:58,9
DA:61,1
DA:62,7
DA:63,7
DA:64,7
DA:67,1
DA:68,7
DA:69,6
DA:72,1
DA:73,6
DA:74,5
DA:77,1
DA:78,4
DA:79,2
DA:82,1
DA:83,4
DA:84,3
DA:87,1
DA:92,4
DA:93,4
DA:94,3
DA:95,2
DA:102,1
DA:109,9
DA:110,8
DA:111,8
DA:113,7
DA:114,7
DA:115,7
DA:118,7
DA:119,7
DA:120,7
DA:122,7
DA:127,1
DA:128,0
DA:135,1
DA:136,0
DA:137,0
DA:138,0
DA:143,1
DA:144,0
DA:147,1
DA:148,0
DA:153,1
DA:157,3
DA:158,3
DA:159,3
DA:161,3
DA:165,3
LF:68
LH:58
BRDA:20,0,0,0
BRDA:37,1,0,4
BRDA:37,1,1,2
BRDA:38,2,0,4
BRDA:38,2,1,2
BRDA:68,3,0,1
BRDA:73,4,0,1
BRDA:78,5,0,2
BRDA:83,6,0,1
BRDA:93,7,0,1
BRDA:94,8,0,1
BRDA:109,9,0,1
BRDA:109,10,0,0
BRDA:109,10,1,1
BRDA:111,11,0,1
BRDA:144,12,0,0
BRDA:144,12,1,0
BRF:17
BRH:13
end_of_record
